{"/tyke/express-render/index.js":{"path":"/tyke/express-render/index.js","s":{"1":1,"2":1,"3":14,"4":7,"5":7,"6":7,"7":2,"8":5,"9":5,"10":5,"11":1,"12":4,"13":4,"14":4,"15":4,"16":4,"17":1},"b":{"1":[7,7],"2":[7,1],"3":[2,5]},"f":{"1":14,"2":4},"fnMap":{"1":{"name":"(anonymous_1)","line":3,"loc":{"start":{"line":3,"column":14},"end":{"line":3,"column":31}}},"2":{"name":"(anonymous_2)","line":16,"loc":{"start":{"line":16,"column":24},"end":{"line":16,"column":39}}}},"statementMap":{"1":{"start":{"line":1,"column":1},"end":{"line":3,"column":1}},"2":{"start":{"line":3,"column":1},"end":{"line":16,"column":0}},"3":{"start":{"line":4,"column":4},"end":{"line":6,"column":5}},"4":{"start":{"line":5,"column":8},"end":{"line":6,"column":4}},"5":{"start":{"line":8,"column":4},"end":{"line":9,"column":4}},"6":{"start":{"line":9,"column":4},"end":{"line":11,"column":5}},"7":{"start":{"line":10,"column":8},"end":{"line":11,"column":4}},"8":{"start":{"line":12,"column":4},"end":{"line":13,"column":4}},"9":{"start":{"line":13,"column":4},"end":{"line":14,"column":4}},"10":{"start":{"line":14,"column":4},"end":{"line":15,"column":0}},"11":{"start":{"line":16,"column":0},"end":{"line":30,"column":0}},"12":{"start":{"line":17,"column":4},"end":{"line":23,"column":4}},"13":{"start":{"line":23,"column":4},"end":{"line":24,"column":4}},"14":{"start":{"line":24,"column":4},"end":{"line":25,"column":4}},"15":{"start":{"line":25,"column":4},"end":{"line":27,"column":4}},"16":{"start":{"line":27,"column":4},"end":{"line":28,"column":0}},"17":{"start":{"line":30,"column":0},"end":{"line":32,"column":0}}},"branchMap":{"1":{"line":4,"type":"if","locations":[{"start":{"line":4,"column":4},"end":{"line":4,"column":4}},{"start":{"line":4,"column":4},"end":{"line":4,"column":4}}]},"2":{"line":8,"type":"binary-expr","locations":[{"start":{"line":8,"column":13},"end":{"line":8,"column":19}},{"start":{"line":8,"column":23},"end":{"line":8,"column":25}}]},"3":{"line":9,"type":"if","locations":[{"start":{"line":9,"column":4},"end":{"line":9,"column":4}},{"start":{"line":9,"column":4},"end":{"line":9,"column":4}}]}}}}